0 info it worked if it ends with ok
1 verbose cli [ 'C:\\Program Files\\nodejs\\node.exe',
1 verbose cli   'C:\\Program Files\\nodejs\\node_modules\\npm\\bin\\npm-cli.js',
1 verbose cli   'run',
1 verbose cli   'dist' ]
2 info using npm@3.10.10
3 info using node@v6.9.5
4 verbose run-script [ 'predist', 'dist', 'postdist' ]
5 info lifecycle inventario@1.0.0~predist: inventario@1.0.0
6 silly lifecycle inventario@1.0.0~predist: no script for predist, continuing
7 info lifecycle inventario@1.0.0~dist: inventario@1.0.0
8 verbose lifecycle inventario@1.0.0~dist: unsafe-perm in lifecycle true
9 verbose lifecycle inventario@1.0.0~dist: PATH: C:\Program Files\nodejs\node_modules\npm\bin\node-gyp-bin;C:\Users\Erik\Projetos\inventario\node_modules\.bin;C:\Program Files\Docker\Docker\Resources\bin;C:\Program Files (x86)\NVIDIA Corporation\PhysX\Common;C:\WINDOWS\system32;C:\WINDOWS;C:\WINDOWS\System32\Wbem;C:\WINDOWS\System32\WindowsPowerShell\v1.0\;C:\Program Files (x86)\Bitvise SSH Client;C:\Program Files\nodejs\;C:\Program Files\Git\cmd;C:\Program Files\Git\mingw64\bin;C:\Program Files\Git\usr\bin;C:\Users\Erik\AppData\Local\Microsoft\WindowsApps;;C:\Program Files (x86)\Microsoft VS Code\bin;C:\Users\Erik\AppData\Roaming\npm
10 verbose lifecycle inventario@1.0.0~dist: CWD: C:\Users\Erik\Projetos\inventario
11 silly lifecycle inventario@1.0.0~dist: Args: [ '/d /s /c', 'build -l deb tar.xz' ]
12 silly lifecycle inventario@1.0.0~dist: Returned: code: 4294967295  signal: null
13 info lifecycle inventario@1.0.0~dist: Failed to exec dist script
14 verbose stack Error: inventario@1.0.0 dist: `build -l deb tar.xz`
14 verbose stack Exit status 4294967295
14 verbose stack     at EventEmitter.<anonymous> (C:\Program Files\nodejs\node_modules\npm\lib\utils\lifecycle.js:255:16)
14 verbose stack     at emitTwo (events.js:106:13)
14 verbose stack     at EventEmitter.emit (events.js:191:7)
14 verbose stack     at ChildProcess.<anonymous> (C:\Program Files\nodejs\node_modules\npm\lib\utils\spawn.js:40:14)
14 verbose stack     at emitTwo (events.js:106:13)
14 verbose stack     at ChildProcess.emit (events.js:191:7)
14 verbose stack     at maybeClose (internal/child_process.js:877:16)
14 verbose stack     at Process.ChildProcess._handle.onexit (internal/child_process.js:226:5)
15 verbose pkgid inventario@1.0.0
16 verbose cwd C:\Users\Erik\Projetos\inventario
17 error Windows_NT 10.0.14393
18 error argv "C:\\Program Files\\nodejs\\node.exe" "C:\\Program Files\\nodejs\\node_modules\\npm\\bin\\npm-cli.js" "run" "dist"
19 error node v6.9.5
20 error npm  v3.10.10
21 error code ELIFECYCLE
22 error inventario@1.0.0 dist: `build -l deb tar.xz`
22 error Exit status 4294967295
23 error Failed at the inventario@1.0.0 dist script 'build -l deb tar.xz'.
23 error Make sure you have the latest version of node.js and npm installed.
23 error If you do, this is most likely a problem with the inventario package,
23 error not with npm itself.
23 error Tell the author that this fails on your system:
23 error     build -l deb tar.xz
23 error You can get information on how to open an issue for this project with:
23 error     npm bugs inventario
23 error Or if that isn't available, you can get their info via:
23 error     npm owner ls inventario
23 error There is likely additional logging output above.
24 verbose exit [ 1, true ]
